<?xml version="1.0" encoding="UTF-8"?>
<testsuite name="org.example.financemanager.PersonalFinanceManagerApplicationTests" tests="1" skipped="0" failures="0" errors="0" timestamp="2025-01-27T03:41:59" hostname="LAPTOP-67SNRF4F" time="1.268">
  <properties/>
  <testcase name="contextLoads()" classname="org.example.financemanager.PersonalFinanceManagerApplicationTests" time="1.268"/>
  <system-out><![CDATA[09:11:52.957 [Test worker] INFO org.springframework.test.context.support.AnnotationConfigContextLoaderUtils -- Could not detect default configuration classes for test class [org.example.financemanager.PersonalFinanceManagerApplicationTests]: PersonalFinanceManagerApplicationTests does not declare any static, non-private, non-final, nested classes annotated with @Configuration.
09:11:53.146 [Test worker] INFO org.springframework.boot.test.context.SpringBootTestContextBootstrapper -- Found @SpringBootConfiguration org.example.financemanager.PersonalFinanceManagerApplication for test class org.example.financemanager.PersonalFinanceManagerApplicationTests

  .   ____          _            __ _ _
 /\\ / ___'_ __ _ _(_)_ __  __ _ \ \ \ \
( ( )\___ | '_ | '_| | '_ \/ _` | \ \ \ \
 \\/  ___)| |_)| | | | | || (_| |  ) ) ) )
  '  |____| .__|_| |_|_| |_\__, | / / / /
 =========|_|==============|___/=/_/_/_/

 :: Spring Boot ::                (v3.4.2)

2025-01-27T09:11:53.714+05:30  INFO 23640 --- [    Test worker] f.PersonalFinanceManagerApplicationTests : Starting PersonalFinanceManagerApplicationTests using Java 17.0.11 with PID 23640 (started by ASUS in C:\Users\ASUS\IdeaProjects\Personal Finance Manager)
2025-01-27T09:11:53.716+05:30  INFO 23640 --- [    Test worker] f.PersonalFinanceManagerApplicationTests : No active profile set, falling back to 1 default profile: "default"
2025-01-27T09:11:54.535+05:30  INFO 23640 --- [    Test worker] .s.d.r.c.RepositoryConfigurationDelegate : Multiple Spring Data modules found, entering strict repository configuration mode
2025-01-27T09:11:54.537+05:30  INFO 23640 --- [    Test worker] .s.d.r.c.RepositoryConfigurationDelegate : Bootstrapping Spring Data MongoDB repositories in DEFAULT mode.
2025-01-27T09:11:54.598+05:30  INFO 23640 --- [    Test worker] .s.d.r.c.RepositoryConfigurationDelegate : Finished Spring Data repository scanning in 52 ms. Found 2 MongoDB repository interfaces.
2025-01-27T09:11:55.066+05:30  INFO 23640 --- [    Test worker] .s.d.r.c.RepositoryConfigurationDelegate : Multiple Spring Data modules found, entering strict repository configuration mode
2025-01-27T09:11:55.068+05:30  INFO 23640 --- [    Test worker] .s.d.r.c.RepositoryConfigurationDelegate : Bootstrapping Spring Data JPA repositories in DEFAULT mode.
2025-01-27T09:11:55.100+05:30  INFO 23640 --- [    Test worker] .RepositoryConfigurationExtensionSupport : Spring Data JPA - Could not safely identify store assignment for repository candidate interface org.example.financemanager.repository.TransactionRepository; If you want this repository to be a JPA repository, consider annotating your entities with one of these annotations: jakarta.persistence.Entity, jakarta.persistence.MappedSuperclass (preferred), or consider extending one of the following types with your repository: org.springframework.data.jpa.repository.JpaRepository
2025-01-27T09:11:55.102+05:30  INFO 23640 --- [    Test worker] .RepositoryConfigurationExtensionSupport : Spring Data JPA - Could not safely identify store assignment for repository candidate interface org.example.financemanager.repository.UserRepository; If you want this repository to be a JPA repository, consider annotating your entities with one of these annotations: jakarta.persistence.Entity, jakarta.persistence.MappedSuperclass (preferred), or consider extending one of the following types with your repository: org.springframework.data.jpa.repository.JpaRepository
2025-01-27T09:11:55.102+05:30  INFO 23640 --- [    Test worker] .s.d.r.c.RepositoryConfigurationDelegate : Finished Spring Data repository scanning in 26 ms. Found 0 JPA repository interfaces.
2025-01-27T09:11:55.798+05:30  INFO 23640 --- [    Test worker] com.zaxxer.hikari.HikariDataSource       : HikariPool-1 - Starting...
2025-01-27T09:11:56.050+05:30  INFO 23640 --- [    Test worker] com.zaxxer.hikari.pool.HikariPool        : HikariPool-1 - Added connection conn0: url=jdbc:h2:mem:a8eb0700-53fc-4139-b7ad-86bc2afd4dd4 user=SA
2025-01-27T09:11:56.052+05:30  INFO 23640 --- [    Test worker] com.zaxxer.hikari.HikariDataSource       : HikariPool-1 - Start completed.
2025-01-27T09:11:56.145+05:30  INFO 23640 --- [    Test worker] o.hibernate.jpa.internal.util.LogHelper  : HHH000204: Processing PersistenceUnitInfo [name: default]
2025-01-27T09:11:56.284+05:30  INFO 23640 --- [    Test worker] org.hibernate.Version                    : HHH000412: Hibernate ORM core version 6.6.5.Final
2025-01-27T09:11:56.346+05:30  INFO 23640 --- [    Test worker] o.h.c.internal.RegionFactoryInitiator    : HHH000026: Second-level cache disabled
2025-01-27T09:11:56.660+05:30  INFO 23640 --- [    Test worker] o.s.o.j.p.SpringPersistenceUnitInfo      : No LoadTimeWeaver setup: ignoring JPA class transformer
2025-01-27T09:11:56.734+05:30  INFO 23640 --- [    Test worker] org.hibernate.orm.connections.pooling    : HHH10001005: Database info:
	Database JDBC URL [Connecting through datasource 'HikariDataSource (HikariPool-1)']
	Database driver: undefined/unknown
	Database version: 2.3.232
	Autocommit mode: undefined/unknown
	Isolation level: undefined/unknown
	Minimum pool size: undefined/unknown
	Maximum pool size: undefined/unknown
2025-01-27T09:11:57.089+05:30  INFO 23640 --- [    Test worker] o.h.e.t.j.p.i.JtaPlatformInitiator       : HHH000489: No JTA platform available (set 'hibernate.transaction.jta.platform' to enable JTA platform integration)
2025-01-27T09:11:57.095+05:30  INFO 23640 --- [    Test worker] j.LocalContainerEntityManagerFactoryBean : Initialized JPA EntityManagerFactory for persistence unit 'default'
2025-01-27T09:11:57.370+05:30  INFO 23640 --- [    Test worker] org.mongodb.driver.client                : MongoClient with metadata {"application": {"name": "Syfe"}, "driver": {"name": "mongo-java-driver|sync", "version": "5.2.1"}, "os": {"type": "Windows", "name": "Windows 11", "architecture": "amd64", "version": "10.0"}, "platform": "Java/JetBrains s.r.o./17.0.11+0--11852314"} created with settings MongoClientSettings{readPreference=primary, writeConcern=WriteConcern{w=majority, wTimeout=null ms, journal=null}, retryWrites=true, retryReads=true, readConcern=ReadConcern{level=null}, credential=MongoCredential{mechanism=null, userName='uphargaur', source='admin', password=<hidden>, mechanismProperties=<hidden>}, transportSettings=null, commandListeners=[], codecRegistry=ProvidersCodecRegistry{codecProviders=[ValueCodecProvider{}, BsonValueCodecProvider{}, DBRefCodecProvider{}, DBObjectCodecProvider{}, DocumentCodecProvider{}, CollectionCodecProvider{}, IterableCodecProvider{}, MapCodecProvider{}, GeoJsonCodecProvider{}, GridFSFileCodecProvider{}, Jsr310CodecProvider{}, JsonObjectCodecProvider{}, BsonCodecProvider{}, EnumCodecProvider{}, com.mongodb.client.model.mql.ExpressionCodecProvider@c7443f, com.mongodb.Jep395RecordCodecProvider@74e175c7, com.mongodb.KotlinCodecProvider@1c528f2f]}, loggerSettings=LoggerSettings{maxDocumentLength=1000}, clusterSettings={hosts=[127.0.0.1:27017], srvHost=syfe.ep6cb.mongodb.net, srvServiceName=mongodb, mode=MULTIPLE, requiredClusterType=REPLICA_SET, requiredReplicaSetName='atlas-y0ue1p-shard-0', serverSelector='null', clusterListeners='[]', serverSelectionTimeout='30000 ms', localThreshold='15 ms'}, socketSettings=SocketSettings{connectTimeoutMS=10000, readTimeoutMS=0, receiveBufferSize=0, proxySettings=ProxySettings{host=null, port=null, username=null, password=null}}, heartbeatSocketSettings=SocketSettings{connectTimeoutMS=10000, readTimeoutMS=10000, receiveBufferSize=0, proxySettings=ProxySettings{host=null, port=null, username=null, password=null}}, connectionPoolSettings=ConnectionPoolSettings{maxSize=100, minSize=0, maxWaitTimeMS=120000, maxConnectionLifeTimeMS=0, maxConnectionIdleTimeMS=0, maintenanceInitialDelayMS=0, maintenanceFrequencyMS=60000, connectionPoolListeners=[], maxConnecting=2}, serverSettings=ServerSettings{heartbeatFrequencyMS=10000, minHeartbeatFrequencyMS=500, serverMonitoringMode=AUTO, serverListeners='[]', serverMonitorListeners='[]'}, sslSettings=SslSettings{enabled=true, invalidHostNameAllowed=false, context=null}, applicationName='Syfe', compressorList=[], uuidRepresentation=UNSPECIFIED, serverApi=null, autoEncryptionSettings=null, dnsClient=null, inetAddressResolver=null, contextProvider=null, timeoutMS=null}
2025-01-27T09:11:57.420+05:30  INFO 23640 --- [6cb.mongodb.net] org.mongodb.driver.cluster               : Adding discovered server syfe-shard-00-02.ep6cb.mongodb.net:27017 to client view of cluster
2025-01-27T09:11:57.445+05:30  INFO 23640 --- [6cb.mongodb.net] org.mongodb.driver.cluster               : Adding discovered server syfe-shard-00-00.ep6cb.mongodb.net:27017 to client view of cluster
2025-01-27T09:11:57.447+05:30  INFO 23640 --- [6cb.mongodb.net] org.mongodb.driver.cluster               : Adding discovered server syfe-shard-00-01.ep6cb.mongodb.net:27017 to client view of cluster
2025-01-27T09:11:58.217+05:30  WARN 23640 --- [    Test worker] JpaBaseConfiguration$JpaWebConfiguration : spring.jpa.open-in-view is enabled by default. Therefore, database queries may be performed during view rendering. Explicitly configure spring.jpa.open-in-view to disable this warning
2025-01-27T09:11:58.267+05:30  WARN 23640 --- [    Test worker] .s.s.UserDetailsServiceAutoConfiguration : 

Using generated security password: 8010b080-1f56-42c0-98d2-5dfb9da09e45

This generated password is for development use only. Your security configuration must be updated before running your application in production.

2025-01-27T09:11:58.286+05:30  INFO 23640 --- [    Test worker] r$InitializeUserDetailsManagerConfigurer : Global AuthenticationManager configured with UserDetailsService bean with name inMemoryUserDetailsManager
2025-01-27T09:11:58.484+05:30  INFO 23640 --- [    Test worker] o.s.b.a.w.s.WelcomePageHandlerMapping    : Adding welcome page: class path resource [static/index.html]
2025-01-27T09:11:58.521+05:30  INFO 23640 --- [ngodb.net:27017] org.mongodb.driver.cluster               : Monitor thread successfully connected to server with description ServerDescription{address=syfe-shard-00-02.ep6cb.mongodb.net:27017, type=REPLICA_SET_PRIMARY, cryptd=false, state=CONNECTED, ok=true, minWireVersion=0, maxWireVersion=25, maxDocumentSize=16777216, logicalSessionTimeoutMinutes=30, roundTripTimeNanos=464399200, minRoundTripTimeNanos=0, setName='atlas-y0ue1p-shard-0', canonicalAddress=syfe-shard-00-02.ep6cb.mongodb.net:27017, hosts=[syfe-shard-00-01.ep6cb.mongodb.net:27017, syfe-shard-00-02.ep6cb.mongodb.net:27017, syfe-shard-00-00.ep6cb.mongodb.net:27017], passives=[], arbiters=[], primary='syfe-shard-00-02.ep6cb.mongodb.net:27017', tagSet=TagSet{[Tag{name='availabilityZone', value='aps1-az2'}, Tag{name='diskState', value='READY'}, Tag{name='nodeType', value='ELECTABLE'}, Tag{name='provider', value='AWS'}, Tag{name='region', value='AP_SOUTH_1'}, Tag{name='workloadType', value='OPERATIONAL'}]}, electionId=7fffffff000000000000026c, setVersion=155, topologyVersion=TopologyVersion{processId=6796a7c17d452ebc7c91ca69, counter=6}, lastWriteDate=Mon Jan 27 09:11:58 IST 2025, lastUpdateTimeNanos=137804666871800}
2025-01-27T09:11:58.521+05:30  INFO 23640 --- [ngodb.net:27017] org.mongodb.driver.cluster               : Monitor thread successfully connected to server with description ServerDescription{address=syfe-shard-00-00.ep6cb.mongodb.net:27017, type=REPLICA_SET_SECONDARY, cryptd=false, state=CONNECTED, ok=true, minWireVersion=0, maxWireVersion=25, maxDocumentSize=16777216, logicalSessionTimeoutMinutes=30, roundTripTimeNanos=467348400, minRoundTripTimeNanos=0, setName='atlas-y0ue1p-shard-0', canonicalAddress=syfe-shard-00-00.ep6cb.mongodb.net:27017, hosts=[syfe-shard-00-01.ep6cb.mongodb.net:27017, syfe-shard-00-02.ep6cb.mongodb.net:27017, syfe-shard-00-00.ep6cb.mongodb.net:27017], passives=[], arbiters=[], primary='syfe-shard-00-02.ep6cb.mongodb.net:27017', tagSet=TagSet{[Tag{name='availabilityZone', value='aps1-az1'}, Tag{name='diskState', value='READY'}, Tag{name='nodeType', value='ELECTABLE'}, Tag{name='provider', value='AWS'}, Tag{name='region', value='AP_SOUTH_1'}, Tag{name='workloadType', value='OPERATIONAL'}]}, electionId=null, setVersion=155, topologyVersion=TopologyVersion{processId=6796a912192fadafa4a8ce41, counter=4}, lastWriteDate=Mon Jan 27 09:11:58 IST 2025, lastUpdateTimeNanos=137804666871800}
2025-01-27T09:11:58.521+05:30  INFO 23640 --- [ngodb.net:27017] org.mongodb.driver.cluster               : Monitor thread successfully connected to server with description ServerDescription{address=syfe-shard-00-01.ep6cb.mongodb.net:27017, type=REPLICA_SET_SECONDARY, cryptd=false, state=CONNECTED, ok=true, minWireVersion=0, maxWireVersion=25, maxDocumentSize=16777216, logicalSessionTimeoutMinutes=30, roundTripTimeNanos=464398900, minRoundTripTimeNanos=0, setName='atlas-y0ue1p-shard-0', canonicalAddress=syfe-shard-00-01.ep6cb.mongodb.net:27017, hosts=[syfe-shard-00-01.ep6cb.mongodb.net:27017, syfe-shard-00-02.ep6cb.mongodb.net:27017, syfe-shard-00-00.ep6cb.mongodb.net:27017], passives=[], arbiters=[], primary='syfe-shard-00-02.ep6cb.mongodb.net:27017', tagSet=TagSet{[Tag{name='availabilityZone', value='aps1-az3'}, Tag{name='diskState', value='READY'}, Tag{name='nodeType', value='ELECTABLE'}, Tag{name='provider', value='AWS'}, Tag{name='region', value='AP_SOUTH_1'}, Tag{name='workloadType', value='OPERATIONAL'}]}, electionId=null, setVersion=155, topologyVersion=TopologyVersion{processId=6796ab0f382392ae54e84794, counter=3}, lastWriteDate=Mon Jan 27 09:11:58 IST 2025, lastUpdateTimeNanos=137804666871800}
2025-01-27T09:11:58.528+05:30  INFO 23640 --- [ngodb.net:27017] org.mongodb.driver.cluster               : Discovered replica set primary syfe-shard-00-02.ep6cb.mongodb.net:27017 with max election id 7fffffff000000000000026c and max set version 155
2025-01-27T09:11:59.760+05:30  INFO 23640 --- [    Test worker] f.PersonalFinanceManagerApplicationTests : Started PersonalFinanceManagerApplicationTests in 6.37 seconds (process running for 7.914)
]]></system-out>
  <system-err><![CDATA[]]></system-err>
</testsuite>
